{"name":"ValidateFormSubmission","status":"failed","statusDetails":{"known":false,"muted":false,"flaky":false,"message":"expected [An exceptional case.org.openqa.selenium.NoSuchElementException: no such element: Unable to locate element: {\"method\":\"xpath\",\"selector\":\"//span[.='Apply with LinkedIn']/parent::button\"}\n  (Session info: chrome=104.0.5112.102)\nFor documentation on this error, please visit: http://seleniumhq.org/exceptions/no_such_element.html\nBuild info: version: '3.14.0', revision: 'aacccce0', time: '2018-08-02T20:19:58.91Z'\nSystem info: host: 'MADHURIM-W10LT', ip: '172.19.48.1', os.name: 'Windows 10', os.arch: 'amd64', os.version: '10.0', java.version: '1.8.0_144'\nDriver info: org.openqa.selenium.chrome.ChromeDriver\nCapabilities {acceptInsecureCerts: false, browserName: chrome, browserVersion: 104.0.5112.102, chrome: {chromedriverVersion: 104.0.5112.79 (3cf3e8c8a07d..., userDataDir: C:\\Users\\madhurim\\AppData\\L...}, goog:chromeOptions: {debuggerAddress: localhost:1185}, javascriptEnabled: true, networkConnectionEnabled: false, pageLoadStrategy: normal, platform: WINDOWS, platformName: WINDOWS, proxy: Proxy(), setWindowRect: true, strictFileInteractability: false, timeouts: {implicit: 0, pageLoad: 300000, script: 30000}, unhandledPromptBehavior: dismiss and notify, webauthn:extension:credBlob: true, webauthn:extension:largeBlob: true, webauthn:virtualAuthenticators: true}\nSession ID: 92559a34ef29aef89b22b551d39f9727\n*** Element info: {Using=xpath, value=//span[.='Apply with LinkedIn']/parent::button}] but found [false]","trace":"java.lang.AssertionError: expected [An exceptional case.org.openqa.selenium.NoSuchElementException: no such element: Unable to locate element: {\"method\":\"xpath\",\"selector\":\"//span[.='Apply with LinkedIn']/parent::button\"}\n  (Session info: chrome=104.0.5112.102)\nFor documentation on this error, please visit: http://seleniumhq.org/exceptions/no_such_element.html\nBuild info: version: '3.14.0', revision: 'aacccce0', time: '2018-08-02T20:19:58.91Z'\nSystem info: host: 'MADHURIM-W10LT', ip: '172.19.48.1', os.name: 'Windows 10', os.arch: 'amd64', os.version: '10.0', java.version: '1.8.0_144'\nDriver info: org.openqa.selenium.chrome.ChromeDriver\nCapabilities {acceptInsecureCerts: false, browserName: chrome, browserVersion: 104.0.5112.102, chrome: {chromedriverVersion: 104.0.5112.79 (3cf3e8c8a07d..., userDataDir: C:\\Users\\madhurim\\AppData\\L...}, goog:chromeOptions: {debuggerAddress: localhost:1185}, javascriptEnabled: true, networkConnectionEnabled: false, pageLoadStrategy: normal, platform: WINDOWS, platformName: WINDOWS, proxy: Proxy(), setWindowRect: true, strictFileInteractability: false, timeouts: {implicit: 0, pageLoad: 300000, script: 30000}, unhandledPromptBehavior: dismiss and notify, webauthn:extension:credBlob: true, webauthn:extension:largeBlob: true, webauthn:virtualAuthenticators: true}\nSession ID: 92559a34ef29aef89b22b551d39f9727\n*** Element info: {Using=xpath, value=//span[.='Apply with LinkedIn']/parent::button}] but found [false]\r\n\tat org.testng.Assert.fail(Assert.java:96)\r\n\tat org.testng.Assert.failNotEquals(Assert.java:776)\r\n\tat org.testng.Assert.assertEqualsImpl(Assert.java:137)\r\n\tat org.testng.Assert.assertEquals(Assert.java:118)\r\n\tat org.testng.Assert.assertEquals(Assert.java:442)\r\n\tat utilities.CommonFunctions.clickElement(CommonFunctions.java:709)\r\n\tat pages.StaffBaseApplyPage.clickApplyWithLinkdln(StaffBaseApplyPage.java:154)\r\n\tat com.testCases.Test_1_ApplyWithLinkdln.ValidateFormSubmission(Test_1_ApplyWithLinkdln.java:56)\r\n\tat sun.reflect.NativeMethodAccessorImpl.invoke0(Native Method)\r\n\tat sun.reflect.NativeMethodAccessorImpl.invoke(Unknown Source)\r\n\tat sun.reflect.DelegatingMethodAccessorImpl.invoke(Unknown Source)\r\n\tat java.lang.reflect.Method.invoke(Unknown Source)\r\n\tat org.testng.internal.MethodInvocationHelper.invokeMethod(MethodInvocationHelper.java:124)\r\n\tat org.testng.internal.Invoker.invokeMethod(Invoker.java:583)\r\n\tat org.testng.internal.Invoker.invokeTestMethod(Invoker.java:719)\r\n\tat org.testng.internal.Invoker.invokeTestMethods(Invoker.java:989)\r\n\tat org.testng.internal.TestMethodWorker.invokeTestMethods(TestMethodWorker.java:125)\r\n\tat org.testng.internal.TestMethodWorker.run(TestMethodWorker.java:109)\r\n\tat org.testng.TestRunner.privateRun(TestRunner.java:648)\r\n\tat org.testng.TestRunner.run(TestRunner.java:505)\r\n\tat org.testng.SuiteRunner.runTest(SuiteRunner.java:455)\r\n\tat org.testng.SuiteRunner.runSequentially(SuiteRunner.java:450)\r\n\tat org.testng.SuiteRunner.privateRun(SuiteRunner.java:415)\r\n\tat org.testng.SuiteRunner.run(SuiteRunner.java:364)\r\n\tat org.testng.SuiteRunnerWorker.runSuite(SuiteRunnerWorker.java:52)\r\n\tat org.testng.SuiteRunnerWorker.run(SuiteRunnerWorker.java:84)\r\n\tat org.testng.TestNG.runSuitesSequentially(TestNG.java:1208)\r\n\tat org.testng.TestNG.runSuitesLocally(TestNG.java:1137)\r\n\tat org.testng.TestNG.runSuites(TestNG.java:1049)\r\n\tat org.testng.TestNG.run(TestNG.java:1017)\r\n\tat org.testng.remote.AbstractRemoteTestNG.run(AbstractRemoteTestNG.java:115)\r\n\tat org.testng.remote.RemoteTestNG.initAndRun(RemoteTestNG.java:251)\r\n\tat org.testng.remote.RemoteTestNG.main(RemoteTestNG.java:77)\r\n"},"stage":"finished","description":"This Test to verify submitting the form by filling all the valid details","steps":[],"attachments":[],"parameters":[{"name":"propertyfile","value":"Configuration"},{"name":"portNO","value":""},{"name":"Repository","value":"abc"},{"name":"VisaInfo","value":"I will need sponsorship for Work Visa before joining the company"},{"name":"Phone","value":"123"}],"start":1662108214950,"stop":1662108423068,"uuid":"51875a5c-cdd4-4d69-9cc6-0bcf8dbb3e52","historyId":"8f6cfeeed9a14551f46b3fb4189dc621","fullName":"com.testCases.Test_1_ApplyWithLinkdln.ValidateFormSubmission","labels":[{"name":"package","value":"com.testCases.Test_1_ApplyWithLinkdln"},{"name":"testClass","value":"com.testCases.Test_1_ApplyWithLinkdln"},{"name":"testMethod","value":"ValidateFormSubmission"},{"name":"parentSuite","value":"StaffBaseE2ETest"},{"name":"suite","value":"E2ETest_1"},{"name":"subSuite","value":"com.testCases.Test_1_ApplyWithLinkdln"},{"name":"host","value":"madhurim-w10lt"},{"name":"thread","value":"2808@madhurim-w10lt.main(1)"},{"name":"framework","value":"testng"},{"name":"language","value":"java"},{"name":"owner","value":"Madhuri Mishra"}],"links":[]}