<?xml version="1.0" encoding="UTF-8" standalone="yes"?>
<ns2:test-suite start="1662128685701" stop="1662128815740" version="1.5.4" xmlns:ns2="urn:model.allure.qatools.yandex.ru">
    <name>StaffBaseE2ETest : E2ETest_2[propertyfile=Configuration, portNO=, Repository=abc, Email=madhuri@gmail.com, VisaInfo=I will need sponsorship for Work Visa before joining the company, FirstName=Jon, Phone=123, FileLocation=C:\Users\madhurim\Downloads\imp\, LastName=Chris, CoverLetter=abc.pdf, Resume=abc.pdf]</name>
    <title>StaffBaseE2ETest : E2ETest_2[propertyfile=Configuration, portNO=, Repository=abc, Email=madhuri@gmail.com, VisaInfo=I will need sponsorship for Work Visa before joining the company, FirstName=Jon, Phone=123, FileLocation=C:\Users\madhurim\Downloads\imp\, LastName=Chris, CoverLetter=abc.pdf, Resume=abc.pdf]</title>
    <test-cases>
        <test-case start="1662128716821" stop="1662128815647" status="broken">
            <name>validateFormSubmissionWithLinkdln[Jon,Chris,madhuri@gmail.com,123,C:\Users\madhurim\Downloads\imp\,abc.pdf,abc.pdf,I will need sponsorship for Work Visa before joining the company,abc]</name>
            <failure>
                <message>TimeoutException: Expected condition failed: waiting for visibility of [[ChromeDriver: chrome on WINDOWS (d1ce303d511abdb7db547d0336dac313)] -&gt; id: resume_filename] (tried for 20 second(s) with 500 milliseconds interval)
Build info: version: '3.14.0', revision: 'aacccce0', time: '2018-08-02T20:19:58.91Z'
System info: host: 'MADHURIM-W10LT', ip: '192.168.1.2', os.name: 'Windows 10', os.arch: 'amd64', os.version: '10.0', java.version: '1.8.0_144'
Driver info: org.openqa.selenium.chrome.ChromeDriver
Capabilities {acceptInsecureCerts: false, browserName: chrome, browserVersion: 104.0.5112.102, chrome: {chromedriverVersion: 104.0.5112.79 (3cf3e8c8a07d..., userDataDir: C:\Users\madhurim\AppData\L...}, goog:chromeOptions: {debuggerAddress: localhost:34257}, javascriptEnabled: true, networkConnectionEnabled: false, pageLoadStrategy: normal, platform: WINDOWS, platformName: WINDOWS, proxy: Proxy(), setWindowRect: true, strictFileInteractability: false, timeouts: {implicit: 0, pageLoad: 300000, script: 30000}, unhandledPromptBehavior: dismiss and notify, webauthn:extension:credBlob: true, webauthn:extension:largeBlob: true, webauthn:virtualAuthenticators: true}
Session ID: d1ce303d511abdb7db547d0336dac313</message>
                <stack-trace>org.openqa.selenium.TimeoutException: Expected condition failed: waiting for visibility of [[ChromeDriver: chrome on WINDOWS (d1ce303d511abdb7db547d0336dac313)] -&gt; id: resume_filename] (tried for 20 second(s) with 500 milliseconds interval)
Build info: version: '3.14.0', revision: 'aacccce0', time: '2018-08-02T20:19:58.91Z'
System info: host: 'MADHURIM-W10LT', ip: '192.168.1.2', os.name: 'Windows 10', os.arch: 'amd64', os.version: '10.0', java.version: '1.8.0_144'
Driver info: org.openqa.selenium.chrome.ChromeDriver
Capabilities {acceptInsecureCerts: false, browserName: chrome, browserVersion: 104.0.5112.102, chrome: {chromedriverVersion: 104.0.5112.79 (3cf3e8c8a07d..., userDataDir: C:\Users\madhurim\AppData\L...}, goog:chromeOptions: {debuggerAddress: localhost:34257}, javascriptEnabled: true, networkConnectionEnabled: false, pageLoadStrategy: normal, platform: WINDOWS, platformName: WINDOWS, proxy: Proxy(), setWindowRect: true, strictFileInteractability: false, timeouts: {implicit: 0, pageLoad: 300000, script: 30000}, unhandledPromptBehavior: dismiss and notify, webauthn:extension:credBlob: true, webauthn:extension:largeBlob: true, webauthn:virtualAuthenticators: true}
Session ID: d1ce303d511abdb7db547d0336dac313
	at org.openqa.selenium.support.ui.WebDriverWait.timeoutException(WebDriverWait.java:113)
	at org.openqa.selenium.support.ui.FluentWait.until(FluentWait.java:283)
	at utilities.CommonFunctions.getTextValue(CommonFunctions.java:989)
	at pages.StaffBaseApplyPage.attachResume(StaffBaseApplyPage.java:223)
	at com.testCases.Test_2_ApplyByFillingDetails.validateFormSubmissionWithLinkdln(Test_2_ApplyByFillingDetails.java:64)
	at sun.reflect.NativeMethodAccessorImpl.invoke0(Native Method)
	at sun.reflect.NativeMethodAccessorImpl.invoke(Unknown Source)
	at sun.reflect.DelegatingMethodAccessorImpl.invoke(Unknown Source)
	at java.lang.reflect.Method.invoke(Unknown Source)
	at org.testng.internal.MethodInvocationHelper.invokeMethod(MethodInvocationHelper.java:124)
	at org.testng.internal.Invoker.invokeMethod(Invoker.java:583)
	at org.testng.internal.Invoker.invokeTestMethod(Invoker.java:719)
	at org.testng.internal.Invoker.invokeTestMethods(Invoker.java:989)
	at org.testng.internal.TestMethodWorker.invokeTestMethods(TestMethodWorker.java:125)
	at org.testng.internal.TestMethodWorker.run(TestMethodWorker.java:109)
	at org.testng.TestRunner.privateRun(TestRunner.java:648)
	at org.testng.TestRunner.run(TestRunner.java:505)
	at org.testng.SuiteRunner.runTest(SuiteRunner.java:455)
	at org.testng.SuiteRunner.runSequentially(SuiteRunner.java:450)
	at org.testng.SuiteRunner.privateRun(SuiteRunner.java:415)
	at org.testng.SuiteRunner.run(SuiteRunner.java:364)
	at org.testng.SuiteRunnerWorker.runSuite(SuiteRunnerWorker.java:52)
	at org.testng.SuiteRunnerWorker.run(SuiteRunnerWorker.java:84)
	at org.testng.TestNG.runSuitesSequentially(TestNG.java:1208)
	at org.testng.TestNG.runSuitesLocally(TestNG.java:1137)
	at org.testng.TestNG.runSuites(TestNG.java:1049)
	at org.testng.TestNG.run(TestNG.java:1017)
	at org.testng.remote.AbstractRemoteTestNG.run(AbstractRemoteTestNG.java:115)
	at org.testng.remote.RemoteTestNG.initAndRun(RemoteTestNG.java:251)
	at org.testng.remote.RemoteTestNG.main(RemoteTestNG.java:77)
</stack-trace>
            </failure>
            <steps/>
            <attachments/>
            <labels>
                <label name="testSuite" value="StaffBaseE2ETest"/>
                <label name="testGroup" value="E2ETest_2"/>
                <label name="testClass" value="com.testCases.Test_2_ApplyByFillingDetails"/>
                <label name="testMethod" value="validateFormSubmissionWithLinkdln"/>
                <label name="host" value="madhurim-w10lt"/>
                <label name="thread" value="24852@madhurim-w10lt.main(1)"/>
            </labels>
        </test-case>
    </test-cases>
    <labels>
        <label name="framework" value="TestNG"/>
        <label name="language" value="JAVA"/>
    </labels>
</ns2:test-suite>
