<?xml version="1.0" encoding="UTF-8" standalone="yes"?>
<ns2:test-suite start="1662123604975" stop="1662123667040" version="1.5.4" xmlns:ns2="urn:model.allure.qatools.yandex.ru">
    <name>StaffBaseE2ETest : E2ETest_2[propertyfile=Configuration, portNO=, Repository=abc, Email=madhuri@gmail.com, VisaInfo=I will need sponsorship for Work Visa before joining the company, FirstName=Jon, Phone=123, FileLocation=C:\Users\madhurim\Downloads\imp\, LastName=Chris, CoverLetter=abc.pdf, Resume=abc.pdf]</name>
    <title>StaffBaseE2ETest : E2ETest_2[propertyfile=Configuration, portNO=, Repository=abc, Email=madhuri@gmail.com, VisaInfo=I will need sponsorship for Work Visa before joining the company, FirstName=Jon, Phone=123, FileLocation=C:\Users\madhurim\Downloads\imp\, LastName=Chris, CoverLetter=abc.pdf, Resume=abc.pdf]</title>
    <test-cases>
        <test-case start="1662123638077" stop="1662123666271" status="failed">
            <name>validateFormSubmissionWithLinkdln[Jon,Chris,madhuri@gmail.com,123,C:\Users\madhurim\Downloads\imp\,abc.pdf,abc.pdf,I will need sponsorship for Work Visa before joining the company,abc]</name>
            <failure>
                <message>AssertionError: The following asserts failed:
	Submit Application expected [true] but found [false]</message>
                <stack-trace>java.lang.AssertionError: The following asserts failed:
	Submit Application expected [true] but found [false]
	at org.testng.asserts.SoftAssert.assertAll(SoftAssert.java:43)
	at com.testCases.Test_2_ApplyByFillingDetails.validateFormSubmissionWithLinkdln(Test_2_ApplyByFillingDetails.java:78)
	at sun.reflect.NativeMethodAccessorImpl.invoke0(Native Method)
	at sun.reflect.NativeMethodAccessorImpl.invoke(Unknown Source)
	at sun.reflect.DelegatingMethodAccessorImpl.invoke(Unknown Source)
	at java.lang.reflect.Method.invoke(Unknown Source)
	at org.testng.internal.MethodInvocationHelper.invokeMethod(MethodInvocationHelper.java:124)
	at org.testng.internal.Invoker.invokeMethod(Invoker.java:583)
	at org.testng.internal.Invoker.invokeTestMethod(Invoker.java:719)
	at org.testng.internal.Invoker.invokeTestMethods(Invoker.java:989)
	at org.testng.internal.TestMethodWorker.invokeTestMethods(TestMethodWorker.java:125)
	at org.testng.internal.TestMethodWorker.run(TestMethodWorker.java:109)
	at org.testng.TestRunner.privateRun(TestRunner.java:648)
	at org.testng.TestRunner.run(TestRunner.java:505)
	at org.testng.SuiteRunner.runTest(SuiteRunner.java:455)
	at org.testng.SuiteRunner.runSequentially(SuiteRunner.java:450)
	at org.testng.SuiteRunner.privateRun(SuiteRunner.java:415)
	at org.testng.SuiteRunner.run(SuiteRunner.java:364)
	at org.testng.SuiteRunnerWorker.runSuite(SuiteRunnerWorker.java:52)
	at org.testng.SuiteRunnerWorker.run(SuiteRunnerWorker.java:84)
	at org.testng.TestNG.runSuitesSequentially(TestNG.java:1208)
	at org.testng.TestNG.runSuitesLocally(TestNG.java:1137)
	at org.testng.TestNG.runSuites(TestNG.java:1049)
	at org.testng.TestNG.run(TestNG.java:1017)
	at org.testng.remote.AbstractRemoteTestNG.run(AbstractRemoteTestNG.java:115)
	at org.testng.remote.RemoteTestNG.initAndRun(RemoteTestNG.java:251)
	at org.testng.remote.RemoteTestNG.main(RemoteTestNG.java:77)
</stack-trace>
            </failure>
            <steps/>
            <attachments/>
            <labels>
                <label name="testSuite" value="StaffBaseE2ETest"/>
                <label name="testGroup" value="E2ETest_2"/>
                <label name="testClass" value="com.testCases.Test_2_ApplyByFillingDetails"/>
                <label name="testMethod" value="validateFormSubmissionWithLinkdln"/>
                <label name="host" value="madhurim-w10lt"/>
                <label name="thread" value="10888@madhurim-w10lt.main(1)"/>
            </labels>
        </test-case>
    </test-cases>
    <labels>
        <label name="framework" value="TestNG"/>
        <label name="language" value="JAVA"/>
    </labels>
</ns2:test-suite>
