<!DOCTYPE html PUBLIC "-//W3C//DTD XHTML 1.1//EN" "http://www.w3.org/TR/xhtml11/DTD/xhtml11.dtd">
<html xmlns="http://www.w3.org/1999/xhtml">
<head>
<meta http-equiv="content-type" content="text/html; charset=UTF-8"/>
<title>TestNG Report</title>
<style type="text/css">table {margin-bottom:10px;border-collapse:collapse;empty-cells:show}th,td {border:1px solid #009;padding:.25em .5em}th {vertical-align:bottom}td {vertical-align:top}table a {font-weight:bold}.stripe td {background-color: #E6EBF9}.num {text-align:right}.passedodd td {background-color: #3F3}.passedeven td {background-color: #0A0}.skippedodd td {background-color: #DDD}.skippedeven td {background-color: #CCC}.failedodd td,.attn {background-color: #F33}.failedeven td,.stripe .attn {background-color: #D00}.stacktrace {white-space:pre;font-family:monospace}.totop {font-size:85%;text-align:center;border-bottom:2px solid #000}.invisible {display:none}</style>
</head>
<body>
<table>
<tr><th>Test</th><th># Passed</th><th># Skipped</th><th># Failed</th><th>Time (ms)</th><th>Included Groups</th><th>Excluded Groups</th></tr>
<tr><th colspan="7">StaffBaseE2ETest</th></tr>
<tr><td><a href="#t0">E2ETest_1</a></td><td class="num">0</td><td class="num">0</td><td class="num attn">1</td><td class="num">197,714</td><td></td><td></td></tr>
<tr class="stripe"><td><a href="#t1">E2ETest_2</a></td><td class="num">0</td><td class="num">0</td><td class="num attn">1</td><td class="num">129,955</td><td></td><td></td></tr>
<tr><td><a href="#t2">E2ETest_3</a></td><td class="num">1</td><td class="num">0</td><td class="num">0</td><td class="num">34,652</td><td></td><td></td></tr>
<tr class="stripe"><td><a href="#t3">E2ETest_4</a></td><td class="num">1</td><td class="num">0</td><td class="num">0</td><td class="num">119,884</td><td></td><td></td></tr>
<tr><th>Total</th><th class="num">2</th><th class="num">0</th><th class="num attn">2</th><th class="num">482,205</th><th colspan="2"></th></tr>
</table>
<table id='summary'><thead><tr><th>Class</th><th>Method</th><th>Start</th><th>Time (ms)</th></tr></thead><tbody><tr><th colspan="4">StaffBaseE2ETest</th></tr></tbody><tbody id="t0"><tr><th colspan="4">E2ETest_1 &#8212; failed</th></tr><tr class="failedeven"><td rowspan="1">com.testCases.Test_1_ApplyWithLinkdlnWithWrongPassword</td><td><a href="#m0">ValidateFormSubmission</a></td><td rowspan="1">1662128519372</td><td rowspan="1">164367</td></tr></tbody>
<tbody id="t1"><tr><th colspan="4">E2ETest_2 &#8212; failed</th></tr><tr class="failedeven"><td rowspan="1">com.testCases.Test_2_ApplyByFillingDetails</td><td><a href="#m1">validateFormSubmissionWithLinkdln</a></td><td rowspan="1">1662128716815</td><td rowspan="1">98624</td></tr></tbody>
<tbody id="t2"><tr><th colspan="4">E2ETest_3 &#8212; passed</th></tr><tr class="passedeven"><td rowspan="1">com.testCases.Test_3_ValidateSubmittingApllicationWithoutFillingMandatoryDetails</td><td><a href="#m2">validateFormSubmissionWithEmptyDetails</a></td><td rowspan="1">1662128845962</td><td rowspan="1">4443</td></tr></tbody>
<tbody id="t3"><tr><th colspan="4">E2ETest_4 &#8212; passed</th></tr><tr class="passedeven"><td rowspan="1">com.testCases.Test_4_ValidateOnlyValidEmailAndPhoneIsAccepted</td><td><a href="#m3">validateEmailAndPhone</a></td><td rowspan="1">1662128881333</td><td rowspan="1">89041</td></tr></tbody>
</table>
<h2>E2ETest_1</h2><h3 id="m0">com.testCases.Test_1_ApplyWithLinkdlnWithWrongPassword#ValidateFormSubmission</h3><table class="result"><tr class="param"><th>Parameter #1</th><th>Parameter #2</th><th>Parameter #3</th><th>Parameter #4</th><th>Parameter #5</th></tr><tr class="param stripe"><td>madhurimishra673@gmail.com</td><td>123456</td><td>123</td><td>I will need sponsorship for Work Visa before joining the company</td><td>abc</td></tr><tr><th colspan="5">Messages</th></tr><tr><td colspan="5"><div class="messages">2022-09-02 19:54:11.834 [ERROR] : Element 'Proxy element for: DefaultElementLocator 'By.xpath: //span[.='Sign in with LinkedIn']/parent::button'' did not appear even after waiting for 120 seconds</div></td></tr><tr><th colspan="5">Exception</th></tr><tr><td colspan="5"><div class="stacktrace">org.openqa.selenium.NoSuchElementException: no such element: Unable to locate element: {&quot;method&quot;:&quot;xpath&quot;,&quot;selector&quot;:&quot;//span[.=&apos;Sign in with LinkedIn&apos;]/parent::button&quot;}
  (Session info: chrome=104.0.5112.102)
For documentation on this error, please visit: http://seleniumhq.org/exceptions/no_such_element.html
Build info: version: &apos;3.14.0&apos;, revision: &apos;aacccce0&apos;, time: &apos;2018-08-02T20:19:58.91Z&apos;
System info: host: &apos;MADHURIM-W10LT&apos;, ip: &apos;192.168.1.2&apos;, os.name: &apos;Windows 10&apos;, os.arch: &apos;amd64&apos;, os.version: &apos;10.0&apos;, java.version: &apos;1.8.0_144&apos;
Driver info: org.openqa.selenium.chrome.ChromeDriver
Capabilities {acceptInsecureCerts: false, browserName: chrome, browserVersion: 104.0.5112.102, chrome: {chromedriverVersion: 104.0.5112.79 (3cf3e8c8a07d..., userDataDir: C:\Users\madhurim\AppData\L...}, goog:chromeOptions: {debuggerAddress: localhost:34113}, javascriptEnabled: true, networkConnectionEnabled: false, pageLoadStrategy: normal, platform: WINDOWS, platformName: WINDOWS, proxy: Proxy(), setWindowRect: true, strictFileInteractability: false, timeouts: {implicit: 0, pageLoad: 300000, script: 30000}, unhandledPromptBehavior: dismiss and notify, webauthn:extension:credBlob: true, webauthn:extension:largeBlob: true, webauthn:virtualAuthenticators: true}
Session ID: 08a522e5a780f73d97a4a3847206632a
*** Element info: {Using=xpath, value=//span[.=&apos;Sign in with LinkedIn&apos;]/parent::button}
	at org.openqa.selenium.remote.http.W3CHttpResponseCodec.createException(W3CHttpResponseCodec.java:187)
	at org.openqa.selenium.remote.http.W3CHttpResponseCodec.decode(W3CHttpResponseCodec.java:122)
	at org.openqa.selenium.remote.http.W3CHttpResponseCodec.decode(W3CHttpResponseCodec.java:49)
	at org.openqa.selenium.remote.HttpCommandExecutor.execute(HttpCommandExecutor.java:158)
	at org.openqa.selenium.remote.service.DriverCommandExecutor.execute(DriverCommandExecutor.java:83)
	at org.openqa.selenium.remote.RemoteWebDriver.execute(RemoteWebDriver.java:548)
	at org.openqa.selenium.remote.RemoteWebDriver.findElement(RemoteWebDriver.java:322)
	at org.openqa.selenium.remote.RemoteWebDriver.findElementByXPath(RemoteWebDriver.java:424)
	at org.openqa.selenium.By$ByXPath.findElement(By.java:353)
	at org.openqa.selenium.remote.RemoteWebDriver.findElement(RemoteWebDriver.java:314)
	at org.openqa.selenium.support.pagefactory.DefaultElementLocator.findElement(DefaultElementLocator.java:69)
	at org.openqa.selenium.support.pagefactory.internal.LocatingElementHandler.invoke(LocatingElementHandler.java:38)
	at com.sun.proxy.$Proxy19.getWrappedElement(Unknown Source)
	at org.openqa.selenium.remote.internal.WebElementToJsonConverter.apply(WebElementToJsonConverter.java:50)
	at java.util.stream.ReferencePipeline$3$1.accept(Unknown Source)
	at java.util.Spliterators$ArraySpliterator.forEachRemaining(Unknown Source)
	at java.util.stream.AbstractPipeline.copyInto(Unknown Source)
	at java.util.stream.AbstractPipeline.wrapAndCopyInto(Unknown Source)
	at java.util.stream.ReduceOps$ReduceOp.evaluateSequential(Unknown Source)
	at java.util.stream.AbstractPipeline.evaluate(Unknown Source)
	at java.util.stream.ReferencePipeline.collect(Unknown Source)
	at org.openqa.selenium.remote.RemoteWebDriver.executeScript(RemoteWebDriver.java:480)
	at utilities.CommonFunctions.clickElement(CommonFunctions.java:705)
	at pages.StaffBaseApplyPage.clickApplyWithLinkdln(StaffBaseApplyPage.java:162)
	at com.testCases.Test_1_ApplyWithLinkdlnWithWrongPassword.ValidateFormSubmission(Test_1_ApplyWithLinkdlnWithWrongPassword.java:56)
... Removed 28 stack frames</div></td></tr></table><p class="totop"><a href="#summary">back to summary</a></p>
<h2>E2ETest_2</h2><h3 id="m1">com.testCases.Test_2_ApplyByFillingDetails#validateFormSubmissionWithLinkdln</h3><table class="result"><tr class="param"><th>Parameter #1</th><th>Parameter #2</th><th>Parameter #3</th><th>Parameter #4</th><th>Parameter #5</th><th>Parameter #6</th><th>Parameter #7</th><th>Parameter #8</th><th>Parameter #9</th></tr><tr class="param stripe"><td>Jon</td><td>Chris</td><td>madhuri@gmail.com</td><td>123</td><td>C:\Users\madhurim\Downloads\imp\</td><td>abc.pdf</td><td>abc.pdf</td><td>I will need sponsorship for Work Visa before joining the company</td><td>abc</td></tr><tr><th colspan="9">Messages</th></tr><tr><td colspan="9"><div class="messages">2022-09-02 19:55:28.757 [INFO] : Click On Element [[ChromeDriver: chrome on WINDOWS (d1ce303d511abdb7db547d0336dac313)] -> xpath: //fieldset[@id='resume_fieldset']//button[@data-source='attach']] is successfull<br/>2022-09-02 19:56:35.357 [ERROR] : Element '[[ChromeDriver: chrome on WINDOWS (d1ce303d511abdb7db547d0336dac313)] -> id: resume_chosen]' did not appear even after waiting for 60 seconds</div></td></tr><tr><th colspan="9">Exception</th></tr><tr><td colspan="9"><div class="stacktrace">org.openqa.selenium.TimeoutException: Expected condition failed: waiting for visibility of [[ChromeDriver: chrome on WINDOWS (d1ce303d511abdb7db547d0336dac313)] -&gt; id: resume_filename] (tried for 20 second(s) with 500 milliseconds interval)
Build info: version: &apos;3.14.0&apos;, revision: &apos;aacccce0&apos;, time: &apos;2018-08-02T20:19:58.91Z&apos;
System info: host: &apos;MADHURIM-W10LT&apos;, ip: &apos;192.168.1.2&apos;, os.name: &apos;Windows 10&apos;, os.arch: &apos;amd64&apos;, os.version: &apos;10.0&apos;, java.version: &apos;1.8.0_144&apos;
Driver info: org.openqa.selenium.chrome.ChromeDriver
Capabilities {acceptInsecureCerts: false, browserName: chrome, browserVersion: 104.0.5112.102, chrome: {chromedriverVersion: 104.0.5112.79 (3cf3e8c8a07d..., userDataDir: C:\Users\madhurim\AppData\L...}, goog:chromeOptions: {debuggerAddress: localhost:34257}, javascriptEnabled: true, networkConnectionEnabled: false, pageLoadStrategy: normal, platform: WINDOWS, platformName: WINDOWS, proxy: Proxy(), setWindowRect: true, strictFileInteractability: false, timeouts: {implicit: 0, pageLoad: 300000, script: 30000}, unhandledPromptBehavior: dismiss and notify, webauthn:extension:credBlob: true, webauthn:extension:largeBlob: true, webauthn:virtualAuthenticators: true}
Session ID: d1ce303d511abdb7db547d0336dac313
	at org.openqa.selenium.support.ui.WebDriverWait.timeoutException(WebDriverWait.java:113)
	at org.openqa.selenium.support.ui.FluentWait.until(FluentWait.java:283)
	at utilities.CommonFunctions.getTextValue(CommonFunctions.java:989)
	at pages.StaffBaseApplyPage.attachResume(StaffBaseApplyPage.java:223)
	at com.testCases.Test_2_ApplyByFillingDetails.validateFormSubmissionWithLinkdln(Test_2_ApplyByFillingDetails.java:64)
... Removed 25 stack frames</div></td></tr></table><p class="totop"><a href="#summary">back to summary</a></p>
<h2>E2ETest_3</h2><h3 id="m2">com.testCases.Test_3_ValidateSubmittingApllicationWithoutFillingMandatoryDetails#validateFormSubmissionWithEmptyDetails</h3><table class="result"><tr><th>Messages</th></tr><tr><td><div class="messages">2022-09-02 19:57:26.226 [INFO] : Click On Element [[ChromeDriver: chrome on WINDOWS (2827775567a7dab0bd5d6615b9b5f89e)] -> id: submit_buttons] is successfull</div></td></tr></table><p class="totop"><a href="#summary">back to summary</a></p>
<h2>E2ETest_4</h2><h3 id="m3">com.testCases.Test_4_ValidateOnlyValidEmailAndPhoneIsAccepted#validateEmailAndPhone</h3><table class="result"><tr class="param"><th>Parameter #1</th><th>Parameter #2</th><th>Parameter #3</th><th>Parameter #4</th><th>Parameter #5</th><th>Parameter #6</th><th>Parameter #7</th><th>Parameter #8</th><th>Parameter #9</th></tr><tr class="param stripe"><td>Jon</td><td>Chris</td><td>ab</td><td>ab</td><td>C:\Users\madhurim\Downloads\imp\</td><td>abc.pdf</td><td>abc.pdf</td><td>I will need sponsorship for Work Visa before joining the company</td><td>abc</td></tr><tr><th colspan="9">Messages</th></tr><tr><td colspan="9"><div class="messages">2022-09-02 19:58:08.741 [INFO] : Click On Element [[ChromeDriver: chrome on WINDOWS (802e87d27b721e931e8241e7162b0bd4)] -> xpath: //fieldset[@id='resume_fieldset']//button[@data-source='attach']] is successfull<br/>2022-09-02 19:58:16.482 [INFO] : Click On Element [[ChromeDriver: chrome on WINDOWS (802e87d27b721e931e8241e7162b0bd4)] -> xpath: //fieldset[@id='cover_letter_fieldset']//button[@data-source='attach']] is successfull<br/>2022-09-02 19:59:11.956 [ERROR] : Element did not appear even after waiting for 45 seconds<br/>2022-09-02 19:59:27.077 [INFO] : Click On Element [[ChromeDriver: chrome on WINDOWS (802e87d27b721e931e8241e7162b0bd4)] -> id: submit_buttons] is successfull</div></td></tr></table><p class="totop"><a href="#summary">back to summary</a></p>
</body>
</html>
